<?xml version="1.0" encoding="UTF-8"?>
<testsuite name="sia.knights.BraveKnightTest" tests="1" failures="0" errors="0" timestamp="2019-05-12T07:29:37" hostname="HQ012-8885C6108" time="0.111">
  <properties/>
  <testcase name="knightShouldEmbarkOnQuest" classname="sia.knights.BraveKnightTest" time="0.111"/>
  <system-out><![CDATA[]]></system-out>
  <system-err><![CDATA[]]></system-err>
</testsuite>
