<?xml version="1.0" encoding="UTF-8"?>
<testsuite name="sia.knights.KnightXMLInjectionTest" tests="1" failures="0" errors="0" timestamp="2019-05-12T07:29:37" hostname="HQ012-8885C6108" time="0.544">
  <properties/>
  <testcase name="shouldInjectKnightWithSlayDragonQuest" classname="sia.knights.KnightXMLInjectionTest" time="0.544"/>
  <system-out><![CDATA[11:59:37,969  INFO st.context.support.AbstractContextLoader: 208 - Detected default resource location "classpath:/sia/knights/KnightXMLInjectionTest-context.xml" for test class [sia.knights.KnightXMLInjectionTest]
11:59:37,969  INFO ort.AbstractDelegatingSmartContextLoader: 171 - GenericXmlContextLoader detected default locations for context configuration [ContextConfigurationAttributes@141a3896 declaringClass = 'sia.knights.KnightXMLInjectionTest', classes = '{}', locations = '{classpath:/sia/knights/KnightXMLInjectionTest-context.xml}', inheritLocations = true, initializers = '{}', inheritInitializers = true, name = [null], contextLoaderClass = 'org.springframework.test.context.ContextLoader'].
11:59:37,970  INFO pport.AnnotationConfigContextLoaderUtils:  80 - Could not detect default configuration classes for test class [sia.knights.KnightXMLInjectionTest]: KnightXMLInjectionTest does not declare any static, non-private, non-final, inner classes annotated with @Configuration.
11:59:37,971  INFO ramework.test.context.TestContextManager: 242 - Could not instantiate TestExecutionListener [org.springframework.test.context.web.ServletTestExecutionListener]. Specify custom listener classes or make the default listener classes (and their required dependencies) available. Offending class: [javax/servlet/ServletContext]
11:59:37,972  INFO ramework.test.context.TestContextManager: 242 - Could not instantiate TestExecutionListener [org.springframework.test.context.transaction.TransactionalTestExecutionListener]. Specify custom listener classes or make the default listener classes (and their required dependencies) available. Offending class: [org/springframework/transaction/interceptor/TransactionAttributeSource]
11:59:37,980  INFO eans.factory.xml.XmlBeanDefinitionReader: 316 - Loading XML bean definitions from class path resource [sia/knights/KnightXMLInjectionTest-context.xml]
11:59:38,299  INFO ontext.support.GenericApplicationContext: 515 - Refreshing org.springframework.context.support.GenericApplicationContext@30658126: startup date [Sun May 12 11:59:38 IRDT 2019]; root of context hierarchy
]]></system-out>
  <system-err><![CDATA[]]></system-err>
</testsuite>
